<?xml version="1.0" encoding="UTF-8"?>
<testng-results skipped="0" failed="0" ignored="0" total="1" passed="1">
  <reporter-output>
  </reporter-output>
  <suite name="Suite" duration-ms="57249" started-at="2019-12-12T16:41:34 EST" finished-at="2019-12-12T16:42:31 EST">
    <groups>
    </groups>
    <test name="Test" duration-ms="57249" started-at="2019-12-12T16:41:34 EST" finished-at="2019-12-12T16:42:31 EST">
      <class name="test1.Signup">
        <test-method status="PASS" signature="setUp()[pri:0, instance:test1.Signup@369f73a2]" name="setUp" is-config="true" duration-ms="8390" started-at="2019-12-12T16:41:34 EST" finished-at="2019-12-12T16:41:42 EST">
          <reporter-output>
          </reporter-output>
        </test-method> <!-- setUp -->
        <test-method status="PASS" signature="setUp()[pri:0, instance:test1.Signup@369f73a2]" name="setUp" is-config="true" duration-ms="10853" started-at="2019-12-12T16:41:42 EST" finished-at="2019-12-12T16:41:53 EST">
          <reporter-output>
          </reporter-output>
        </test-method> <!-- setUp -->
        <test-method status="PASS" signature="validCredentials()[pri:1, instance:test1.Signup@369f73a2]" name="validCredentials" duration-ms="37957" started-at="2019-12-12T16:41:53 EST" description="TC03: Verify the user signup MB.ag with valid credentials" finished-at="2019-12-12T16:42:31 EST">
          <reporter-output>
          </reporter-output>
        </test-method> <!-- validCredentials -->
      </class> <!-- test1.Signup -->
    </test> <!-- Test -->
  </suite> <!-- Suite -->
</testng-results>
