<?xml version="1.0" encoding="UTF-8"?>
<testng-results skipped="0" failed="0" ignored="0" total="1" passed="1">
  <reporter-output>
  </reporter-output>
  <suite name="Suite" duration-ms="34868" started-at="2019-12-12T16:47:44 EST" finished-at="2019-12-12T16:48:19 EST">
    <groups>
    </groups>
    <test name="Test" duration-ms="34868" started-at="2019-12-12T16:47:44 EST" finished-at="2019-12-12T16:48:19 EST">
      <class name="test1.Signup">
        <test-method status="PASS" signature="setUp()[pri:0, instance:test1.Signup@369f73a2]" name="setUp" is-config="true" duration-ms="8481" started-at="2019-12-12T16:47:44 EST" finished-at="2019-12-12T16:47:52 EST">
          <reporter-output>
          </reporter-output>
        </test-method> <!-- setUp -->
        <test-method status="PASS" signature="setUp()[pri:0, instance:test1.Signup@369f73a2]" name="setUp" is-config="true" duration-ms="8566" started-at="2019-12-12T16:47:52 EST" finished-at="2019-12-12T16:48:01 EST">
          <reporter-output>
          </reporter-output>
        </test-method> <!-- setUp -->
        <test-method status="PASS" signature="validCredentials()[pri:1, instance:test1.Signup@369f73a2]" name="validCredentials" duration-ms="17768" started-at="2019-12-12T16:48:01 EST" description="TC03: Verify the user signup MB.ag with valid credentials" finished-at="2019-12-12T16:48:19 EST">
          <reporter-output>
          </reporter-output>
        </test-method> <!-- validCredentials -->
      </class> <!-- test1.Signup -->
    </test> <!-- Test -->
  </suite> <!-- Suite -->
</testng-results>
